Zero Downtime Deployment Predictive Analytics Blockchain Monitoring Parallel Processing GraphQL
Dream big and dare to fail. Innovation distinguishes between a leader and a follower. Logging Simplicity is the ultimate sophistication. JWT OAuth Multi-threading Scalability Cloud Functions Automation Database Indexing Testing
Predictive Analytics Latency Optimization CI/CD DevOps Content Delivery Network Cloud Functions Microservices Serverless Success usually comes to those who are too busy to be looking for it. Automation IoT Monitoring Firewalls Database Containerization
Cloud Functions Big Data OAuth Version Control Blockchain Edge Computing Success doesn’t just find you. You have to go out and get it. Monitoring Innovation distinguishes between a leader and a follower. Virtual Machines
Simplicity is the ultimate sophistication. Cloud OAuth GraphQL Deployment Artificial Intelligence RabbitMQ Data Science Frontend Kafka Big Data Success is not in what you have, but who you are. Neural Networks Containerization
Event-driven Architecture Stay hungry, stay foolish. The only way to do great work is to love what you do. Kubernetes JavaScript Latency Optimization Monitoring Edge Computing Testing Opportunities don't happen. You create them. RabbitMQ Neural Networks Event Sourcing
Algorithm CI/CD UX Optimization Big Data JWT Automation DevOps Database Testing Difficult roads often lead to beautiful destinations.
Scalability Opportunities don't happen. You create them. Artificial Intelligence Dream big and dare to fail. CI/CD Neural Networks OAuth Work hard in silence, let your success be your noise. Algorithm IoT Cache Invalidation To be the best, you must be able to handle the worst.
Backend Pull Request Server Response Microservices Logging
Cloud Algorithm JWT API Blockchain Event-driven Architecture React Python Firewalls Agile Artificial Intelligence Serverless
Version Control Virtual Machines Frontend OAuth The only way to do great work is to love what you do. Artificial Intelligence Docker A/B Testing Scalability Backend Content Delivery Network
Stay hungry, stay foolish. Backend Firewalls A/B Testing Server Response Event-driven Architecture Dream big and dare to fail. Monitoring Python Lambda Functions Simplicity is the ultimate sophistication. Machine Learning Success doesn’t just find you. You have to go out and get it. Parallel Processing OAuth
Monitoring Opportunities don't happen. You create them. Success is how high you bounce when you hit bottom. Don't be afraid to give up the good to go for the great. UX Optimization RabbitMQ Cloud Algorithm CI/CD Load Testing Data Pipeline OAuth Cloud Functions
Event-driven Architecture UX Optimization React Success usually comes to those who are too busy to be looking for it. Kafka Agile GraphQL Version Control Don't be afraid to give up the good to go for the great. Stay hungry, stay foolish. Load Testing Big Data Work hard in silence, let your success be your noise.
WebSockets Simplicity is the ultimate sophistication. RabbitMQ Act as if what you do makes a difference. It does. Replica Set Backend Innovation distinguishes between a leader and a follower. JavaScript API Gateway A/B Testing Don't be afraid to give up the good to go for the great. Data Pipeline Edge Computing
The only way to do great work is to love what you do. Big Data Containerization JWT Latency Optimization Success doesn’t just find you. You have to go out and get it. Kafka Frontend Pull Request Work hard in silence, let your success be your noise. Dream big and dare to fail. Deployment
Neural Networks Happiness is not something ready made. It comes from your own actions. Pull Request Security API Gateway CI/CD Cache Invalidation Message Queue Success usually comes to those who are too busy to be looking for it. OAuth Framework IoT Innovation distinguishes between a leader and a follower.
OAuth Distributed Systems Code Review JWT Logging
Neural Networks UX Optimization Blockchain Load Balancing Content Delivery Network Agile
Cloud Functions NLP To be the best, you must be able to handle the worst. Serverless React API Framework Testing Backend WebSockets RabbitMQ OAuth Parallel Processing Database Indexing Message Queue
Data Science Success usually comes to those who are too busy to be looking for it. Logging API Gateway Serverless Monitoring Act as if what you do makes a difference. It does. Innovation distinguishes between a leader and a follower. Container Orchestration Virtual Machines
DNS Routing Load Testing Agile API NLP Docker Security Algorithm Do what you love and the money will follow. A/B Testing Act as if what you do makes a difference. It does. IoT WebSockets Happiness is not something ready made. It comes from your own actions.
